#
# There is insufficient memory for the Java Runtime Environment to continue.
# Native memory allocation (malloc) failed to allocate 2133616 bytes for Chunk::new
# Possible reasons:
#   The system is out of physical RAM or swap space
#   In 32 bit mode, the process size limit was hit
# Possible solutions:
#   Reduce memory load on the system
#   Increase physical memory or swap space
#   Check if swap backing store is full
#   Use 64 bit Java on a 64 bit OS
#   Decrease Java heap size (-Xmx/-Xms)
#   Decrease number of Java threads
#   Decrease Java thread stack sizes (-Xss)
#   Set larger code cache with -XX:ReservedCodeCacheSize=
# This output file may be truncated or incomplete.
#
#  Out of Memory Error (allocation.cpp:390), pid=16956, tid=0x0000000000003ec4
#
# JRE version: OpenJDK Runtime Environment (8.0_152-b01) (build 1.8.0_152-release-1343-b01)
# Java VM: OpenJDK 64-Bit Server VM (25.152-b01 mixed mode windows-amd64 compressed oops)
# Failed to write core dump. Minidumps are not enabled by default on client versions of Windows
#

---------------  T H R E A D  ---------------

Current thread (0x00000000167ea000):  JavaThread "C2 CompilerThread0" daemon [_thread_in_native, id=16068, stack(0x0000000017e40000,0x0000000017f40000)]

Stack: [0x0000000017e40000,0x0000000017f40000]
[error occurred during error reporting (printing stack bounds), id 0xc0000005]

Native frames: (J=compiled Java code, j=interpreted, Vv=VM code, C=native code)


Current CompileTask:
C2:   8158 1364   !   4       java.net.URLClassLoader$1::run (63 bytes)


---------------  P R O C E S S  ---------------

Java Threads: ( => current thread )
  0x000000001995d800 JavaThread "Cache worker for file hash cache (C:\Users\User\AndroidStudioProjects\ReqRes\.gradle\5.1.1\fileHashes)" [_thread_blocked, id=16880, stack(0x000000001e600000,0x000000001e700000)]
  0x000000001995c800 JavaThread "Cache worker for journal cache (C:\Users\User\.gradle\caches\journal-1)" [_thread_blocked, id=5460, stack(0x000000001b290000,0x000000001b390000)]
  0x000000001995b000 JavaThread "File lock request listener" [_thread_in_native, id=6992, stack(0x000000001b190000,0x000000001b290000)]
  0x0000000019975800 JavaThread "Cache worker for file hash cache (C:\Users\User\.gradle\caches\5.1.1\fileHashes)" [_thread_blocked, id=13484, stack(0x000000001b090000,0x000000001b190000)]
  0x0000000018a23000 JavaThread "Thread-8" [_thread_blocked, id=5228, stack(0x000000001af90000,0x000000001b090000)]
  0x0000000018a22800 JavaThread "Stdin handler" [_thread_blocked, id=1068, stack(0x000000001ae90000,0x000000001af90000)]
  0x0000000018a95000 JavaThread "Asynchronous log dispatcher for DefaultDaemonConnection: socket connection from /127.0.0.1:61180 to /127.0.0.1:61181" [_thread_blocked, id=11488, stack(0x000000001ad90000,0x000000001ae90000)]
  0x000000001931a800 JavaThread "Daemon worker" [_thread_in_vm, id=15452, stack(0x000000001ac90000,0x000000001ad90000)]
  0x0000000018a8f000 JavaThread "Cancel handler" [_thread_blocked, id=520, stack(0x000000001ab90000,0x000000001ac90000)]
  0x0000000018ed5000 JavaThread "Handler for socket connection from /127.0.0.1:61180 to /127.0.0.1:61181" [_thread_in_native, id=16440, stack(0x000000001a890000,0x000000001a990000)]
  0x0000000018ed4800 JavaThread "Daemon" [_thread_blocked, id=8984, stack(0x000000001a790000,0x000000001a890000)]
  0x0000000019635000 JavaThread "Daemon periodic checks" [_thread_blocked, id=6440, stack(0x000000001a690000,0x000000001a790000)]
  0x00000000189ca000 JavaThread "Incoming local TCP Connector on port 61180" [_thread_in_native, id=14672, stack(0x000000001a450000,0x000000001a550000)]
  0x000000001684e800 JavaThread "Service Thread" daemon [_thread_blocked, id=8176, stack(0x0000000018540000,0x0000000018640000)]
  0x00000000167f1000 JavaThread "C1 CompilerThread2" daemon [_thread_blocked, id=16628, stack(0x0000000018040000,0x0000000018140000)]
  0x00000000167ee000 JavaThread "C2 CompilerThread1" daemon [_thread_in_native, id=6140, stack(0x0000000017f40000,0x0000000018040000)]
=>0x00000000167ea000 JavaThread "C2 CompilerThread0" daemon [_thread_in_native, id=16068, stack(0x0000000017e40000,0x0000000017f40000)]
  0x00000000167e8800 JavaThread "Attach Listener" daemon [_thread_blocked, id=4664, stack(0x0000000017d40000,0x0000000017e40000)]
  0x00000000167f5000 JavaThread "Signal Dispatcher" daemon [_thread_blocked, id=7936, stack(0x0000000017c40000,0x0000000017d40000)]
  0x0000000002e7c000 JavaThread "Finalizer" daemon [_thread_blocked, id=15900, stack(0x0000000017a50000,0x0000000017b50000)]
  0x0000000002e71000 JavaThread "Reference Handler" daemon [_thread_blocked, id=14064, stack(0x0000000017950000,0x0000000017a50000)]
  0x0000000002d7e000 JavaThread "main" [_thread_blocked, id=15696, stack(0x0000000002be0000,0x0000000002ce0000)]

Other Threads:
  0x00000000167b6000 VMThread [stack: 0x0000000017850000,0x0000000017950000] [id=11288]
  0x000000001815c800 WatcherThread [stack: 0x0000000018640000,0x0000000018740000] [id=11428]

VM state:not at safepoint (normal execution)

VM Mutex/Monitor currently owned by a thread:  ([mutex/lock_event])
[0x0000000002d815d0] Compile_lock - owner thread: 0x0000000000000000

Heap:
 PSYoungGen      total 28672K, used 7111K [0x00000000e0000000, 0x00000000e2000000, 0x0000000100000000)
  eden space 24576K, 12% used [0x00000000e0000000,0x00000000e02f5e70,0x00000000e1800000)
  from space 4096K, 99% used [0x00000000e1800000,0x00000000e1bfc050,0x00000000e1c00000)
  to   space 4096K, 0% used [0x00000000e1c00000,0x00000000e1c00000,0x00000000e2000000)
 ParOldGen       total 65536K, used 5899K [0x00000000a0000000, 0x00000000a4000000, 0x00000000e0000000)
  object space 65536K, 9% used [0x00000000a0000000,0x00000000a05c2cd0,0x00000000a4000000)
 Metaspace       used 15546K, capacity 15936K, committed 16256K, reserved 1062912K
  class space    used 2208K, capacity 2360K, committed 2432K, reserved 1048576K

Card table byte_map: [0x0000000012240000,0x0000000012550000] byte_map_base: 0x0000000011d40000

Marking Bits: (ParMarkBitMap*) 0x0000000077ac5aa0
 Begin Bits: [0x0000000012b50000, 0x0000000014350000)
 End Bits:   [0x0000000014350000, 0x0000000015b50000)

Polling page: 0x0000000002b20000

CodeCache: size=245760Kb used=5078Kb max_used=5078Kb free=240682Kb
 bounds [0x0000000002e80000, 0x0000000003380000, 0x0000000011e80000]
 total_blobs=1819 nmethods=1434 adapters=299
 compilation: enabled

Compilation events (10 events):
Event: 8.024 Thread 0x00000000167f1000 1466       3       com.google.common.base.Splitter$SplittingIterator::<init> (39 bytes)
Event: 8.025 Thread 0x00000000167f1000 nmethod 1466 0x0000000003375e10 code [0x0000000003375f80, 0x0000000003376230]
Event: 8.025 Thread 0x00000000167f1000 1467       3       com.google.common.base.AbstractIterator::<init> (12 bytes)
Event: 8.025 Thread 0x00000000167f1000 nmethod 1467 0x0000000003376350 code [0x00000000033764c0, 0x0000000003376690]
Event: 8.025 Thread 0x00000000167f1000 1432       1       java.nio.Buffer::capacity (5 bytes)
Event: 8.025 Thread 0x00000000167f1000 nmethod 1432 0x0000000003376750 code [0x00000000033768a0, 0x00000000033769b0]
Event: 8.025 Thread 0x00000000167f1000 1471       3       java.util.concurrent.locks.ReentrantLock::unlock (10 bytes)
Event: 8.026 Thread 0x00000000167f1000 nmethod 1471 0x0000000003376a10 code [0x0000000003376ba0, 0x0000000003376f98]
Event: 8.034 Thread 0x00000000167f1000 1472       3       java.lang.String::lastIndexOf (151 bytes)
Event: 8.035 Thread 0x00000000167f1000 nmethod 1472 0x00000000033770d0 code [0x0000000003377280, 0x00000000033777d0]

GC Heap History (10 events):
Event: 2.339 GC heap before
{Heap before GC invocations=1 (full 0):
 PSYoungGen      total 28672K, used 24576K [0x00000000e0000000, 0x00000000e2000000, 0x0000000100000000)
  eden space 24576K, 100% used [0x00000000e0000000,0x00000000e1800000,0x00000000e1800000)
  from space 4096K, 0% used [0x00000000e1c00000,0x00000000e1c00000,0x00000000e2000000)
  to   space 4096K, 0% used [0x00000000e1800000,0x00000000e1800000,0x00000000e1c00000)
 ParOldGen       total 65536K, used 0K [0x00000000a0000000, 0x00000000a4000000, 0x00000000e0000000)
  object space 65536K, 0% used [0x00000000a0000000,0x00000000a0000000,0x00000000a4000000)
 Metaspace       used 6876K, capacity 7038K, committed 7168K, reserved 1056768K
  class space    used 843K, capacity 907K, committed 1024K, reserved 1048576K
Event: 2.354 GC heap after
Heap after GC invocations=1 (full 0):
 PSYoungGen      total 28672K, used 4044K [0x00000000e0000000, 0x00000000e2000000, 0x0000000100000000)
  eden space 24576K, 0% used [0x00000000e0000000,0x00000000e0000000,0x00000000e1800000)
  from space 4096K, 98% used [0x00000000e1800000,0x00000000e1bf30e8,0x00000000e1c00000)
  to   space 4096K, 0% used [0x00000000e1c00000,0x00000000e1c00000,0x00000000e2000000)
 ParOldGen       total 65536K, used 8K [0x00000000a0000000, 0x00000000a4000000, 0x00000000e0000000)
  object space 65536K, 0% used [0x00000000a0000000,0x00000000a0002000,0x00000000a4000000)
 Metaspace       used 6876K, capacity 7038K, committed 7168K, reserved 1056768K
  class space    used 843K, capacity 907K, committed 1024K, reserved 1048576K
}
Event: 3.815 GC heap before
{Heap before GC invocations=2 (full 0):
 PSYoungGen      total 28672K, used 28620K [0x00000000e0000000, 0x00000000e2000000, 0x0000000100000000)
  eden space 24576K, 100% used [0x00000000e0000000,0x00000000e1800000,0x00000000e1800000)
  from space 4096K, 98% used [0x00000000e1800000,0x00000000e1bf30e8,0x00000000e1c00000)
  to   space 4096K, 0% used [0x00000000e1c00000,0x00000000e1c00000,0x00000000e2000000)
 ParOldGen       total 65536K, used 8K [0x00000000a0000000, 0x00000000a4000000, 0x00000000e0000000)
  object space 65536K, 0% used [0x00000000a0000000,0x00000000a0002000,0x00000000a4000000)
 Metaspace       used 7130K, capacity 7382K, committed 7680K, reserved 1056768K
  class space    used 870K, capacity 979K, committed 1024K, reserved 1048576K
Event: 3.832 GC heap after
Heap after GC invocations=2 (full 0):
 PSYoungGen      total 28672K, used 2976K [0x00000000e0000000, 0x00000000e2000000, 0x0000000100000000)
  eden space 24576K, 0% used [0x00000000e0000000,0x00000000e0000000,0x00000000e1800000)
  from space 4096K, 72% used [0x00000000e1c00000,0x00000000e1ee81e8,0x00000000e2000000)
  to   space 4096K, 0% used [0x00000000e1800000,0x00000000e1800000,0x00000000e1c00000)
 ParOldGen       total 65536K, used 16K [0x00000000a0000000, 0x00000000a4000000, 0x00000000e0000000)
  object space 65536K, 0% used [0x00000000a0000000,0x00000000a0004000,0x00000000a4000000)
 Metaspace       used 7130K, capacity 7382K, committed 7680K, reserved 1056768K
  class space    used 870K, capacity 979K, committed 1024K, reserved 1048576K
}
Event: 5.895 GC heap before
{Heap before GC invocations=3 (full 0):
 PSYoungGen      total 28672K, used 27552K [0x00000000e0000000, 0x00000000e2000000, 0x0000000100000000)
  eden space 24576K, 100% used [0x00000000e0000000,0x00000000e1800000,0x00000000e1800000)
  from space 4096K, 72% used [0x00000000e1c00000,0x00000000e1ee81e8,0x00000000e2000000)
  to   space 4096K, 0% used [0x00000000e1800000,0x00000000e1800000,0x00000000e1c00000)
 ParOldGen       total 65536K, used 16K [0x00000000a0000000, 0x00000000a4000000, 0x00000000e0000000)
  object space 65536K, 0% used [0x00000000a0000000,0x00000000a0004000,0x00000000a4000000)
 Metaspace       used 11051K, capacity 11300K, committed 11648K, reserved 1058816K
  class space    used 1461K, capacity 1558K, committed 1664K, reserved 1048576K
Event: 5.905 GC heap after
Heap after GC invocations=3 (full 0):
 PSYoungGen      total 28672K, used 4080K [0x00000000e0000000, 0x00000000e2000000, 0x0000000100000000)
  eden space 24576K, 0% used [0x00000000e0000000,0x00000000e0000000,0x00000000e1800000)
  from space 4096K, 99% used [0x00000000e1800000,0x00000000e1bfc030,0x00000000e1c00000)
  to   space 4096K, 0% used [0x00000000e1c00000,0x00000000e1c00000,0x00000000e2000000)
 ParOldGen       total 65536K, used 1131K [0x00000000a0000000, 0x00000000a4000000, 0x00000000e0000000)
  object space 65536K, 1% used [0x00000000a0000000,0x00000000a011aee0,0x00000000a4000000)
 Metaspace       used 11051K, capacity 11300K, committed 11648K, reserved 1058816K
  class space    used 1461K, capacity 1558K, committed 1664K, reserved 1048576K
}
Event: 6.895 GC heap before
{Heap before GC invocations=4 (full 0):
 PSYoungGen      total 28672K, used 28656K [0x00000000e0000000, 0x00000000e2000000, 0x0000000100000000)
  eden space 24576K, 100% used [0x00000000e0000000,0x00000000e1800000,0x00000000e1800000)
  from space 4096K, 99% used [0x00000000e1800000,0x00000000e1bfc030,0x00000000e1c00000)
  to   space 4096K, 0% used [0x00000000e1c00000,0x00000000e1c00000,0x00000000e2000000)
 ParOldGen       total 65536K, used 1131K [0x00000000a0000000, 0x00000000a4000000, 0x00000000e0000000)
  object space 65536K, 1% used [0x00000000a0000000,0x00000000a011aee0,0x00000000a4000000)
 Metaspace       used 13377K, capacity 13680K, committed 13824K, reserved 1060864K
  class space    used 1834K, capacity 1966K, committed 2048K, reserved 1048576K
Event: 6.910 GC heap after
Heap after GC invocations=4 (full 0):
 PSYoungGen      total 28672K, used 4064K [0x00000000e0000000, 0x00000000e2000000, 0x0000000100000000)
  eden space 24576K, 0% used [0x00000000e0000000,0x00000000e0000000,0x00000000e1800000)
  from space 4096K, 99% used [0x00000000e1c00000,0x00000000e1ff8020,0x00000000e2000000)
  to   space 4096K, 0% used [0x00000000e1800000,0x00000000e1800000,0x00000000e1c00000)
 ParOldGen       total 65536K, used 3123K [0x00000000a0000000, 0x00000000a4000000, 0x00000000e0000000)
  object space 65536K, 4% used [0x00000000a0000000,0x00000000a030ce60,0x00000000a4000000)
 Metaspace       used 13377K, capacity 13680K, committed 13824K, reserved 1060864K
  class space    used 1834K, capacity 1966K, committed 2048K, reserved 1048576K
}
Event: 7.943 GC heap before
{Heap before GC invocations=5 (full 0):
 PSYoungGen      total 28672K, used 28640K [0x00000000e0000000, 0x00000000e2000000, 0x0000000100000000)
  eden space 24576K, 100% used [0x00000000e0000000,0x00000000e1800000,0x00000000e1800000)
  from space 4096K, 99% used [0x00000000e1c00000,0x00000000e1ff8020,0x00000000e2000000)
  to   space 4096K, 0% used [0x00000000e1800000,0x00000000e1800000,0x00000000e1c00000)
 ParOldGen       total 65536K, used 3123K [0x00000000a0000000, 0x00000000a4000000, 0x00000000e0000000)
  object space 65536K, 4% used [0x00000000a0000000,0x00000000a030ce80,0x00000000a4000000)
 Metaspace       used 15354K, capacity 15712K, committed 16000K, reserved 1062912K
  class space    used 2180K, capacity 2328K, committed 2432K, reserved 1048576K
Event: 7.988 GC heap after
Heap after GC invocations=5 (full 0):
 PSYoungGen      total 28672K, used 4080K [0x00000000e0000000, 0x00000000e2000000, 0x0000000100000000)
  eden space 24576K, 0% used [0x00000000e0000000,0x00000000e0000000,0x00000000e1800000)
  from space 4096K, 99% used [0x00000000e1800000,0x00000000e1bfc050,0x00000000e1c00000)
  to   space 4096K, 0% used [0x00000000e1c00000,0x00000000e1c00000,0x00000000e2000000)
 ParOldGen       total 65536K, used 5899K [0x00000000a0000000, 0x00000000a4000000, 0x00000000e0000000)
  object space 65536K, 9% used [0x00000000a0000000,0x00000000a05c2cd0,0x00000000a4000000)
 Metaspace       used 15354K, capacity 15712K, committed 16000K, reserved 1062912K
  class space    used 2180K, capacity 2328K, committed 2432K, reserved 1048576K
}

Deoptimization events (10 events):
Event: 6.191 Thread 0x000000001931a800 Uncommon trap: reason=class_check action=maybe_recompile pc=0x000000000310edfc method=java.util.HashMap.putVal(ILjava/lang/Object;Ljava/lang/Object;ZZ)Ljava/lang/Object; @ 203
Event: 6.192 Thread 0x000000001931a800 Uncommon trap: reason=bimorphic action=maybe_recompile pc=0x0000000003116634 method=java.util.HashMap.putVal(ILjava/lang/Object;Ljava/lang/Object;ZZ)Ljava/lang/Object; @ 253
Event: 6.192 Thread 0x000000001931a800 Uncommon trap: reason=bimorphic action=maybe_recompile pc=0x0000000003116634 method=java.util.HashMap.putVal(ILjava/lang/Object;Ljava/lang/Object;ZZ)Ljava/lang/Object; @ 253
Event: 6.192 Thread 0x000000001931a800 Uncommon trap: reason=bimorphic action=maybe_recompile pc=0x0000000003116634 method=java.util.HashMap.putVal(ILjava/lang/Object;Ljava/lang/Object;ZZ)Ljava/lang/Object; @ 253
Event: 6.192 Thread 0x000000001931a800 Uncommon trap: reason=bimorphic action=maybe_recompile pc=0x0000000003116634 method=java.util.HashMap.putVal(ILjava/lang/Object;Ljava/lang/Object;ZZ)Ljava/lang/Object; @ 253
Event: 6.787 Thread 0x000000001931a800 Uncommon trap: reason=class_check action=maybe_recompile pc=0x0000000003157918 method=java.util.regex.Matcher.match(II)Z @ 86
Event: 6.843 Thread 0x000000001931a800 Uncommon trap: reason=class_check action=maybe_recompile pc=0x0000000003157918 method=java.util.regex.Matcher.match(II)Z @ 86
Event: 6.844 Thread 0x000000001931a800 Uncommon trap: reason=class_check action=maybe_recompile pc=0x0000000003157918 method=java.util.regex.Matcher.match(II)Z @ 86
Event: 6.845 Thread 0x000000001931a800 Uncommon trap: reason=class_check action=maybe_recompile pc=0x000000000311d75c method=java.util.regex.Matcher.match(II)Z @ 86
Event: 7.811 Thread 0x000000001931a800 Uncommon trap: reason=unstable_if action=reinterpret pc=0x000000000327f9f4 method=java.lang.String.lastIndexOf([CII[CIII)I @ 66

Classes redefined (0 events):
No events

Internal exceptions (10 events):
Event: 5.968 Thread 0x0000000018ed5000 Exception <a 'java/lang/NoSuchMethodError': <clinit>> (0x00000000e00cf640) thrown at [D:\src\AOSP-openjdk-cygwin\jdk8u\hotspot\src\share\vm\prims\jni.cpp, line 1613]
Event: 5.977 Thread 0x0000000018ed5000 Exception <a 'java/lang/NoSuchMethodError': <clinit>> (0x00000000e00e28a8) thrown at [D:\src\AOSP-openjdk-cygwin\jdk8u\hotspot\src\share\vm\prims\jni.cpp, line 1613]
Event: 5.986 Thread 0x0000000018ed5000 Exception <a 'java/lang/NoSuchMethodError': <clinit>> (0x00000000e0109620) thrown at [D:\src\AOSP-openjdk-cygwin\jdk8u\hotspot\src\share\vm\prims\jni.cpp, line 1613]
Event: 5.992 Thread 0x0000000018ed5000 Exception <a 'java/lang/NoSuchMethodError': <clinit>> (0x00000000e0121208) thrown at [D:\src\AOSP-openjdk-cygwin\jdk8u\hotspot\src\share\vm\prims\jni.cpp, line 1613]
Event: 5.994 Thread 0x0000000018ed5000 Exception <a 'java/lang/NoSuchMethodError': <clinit>> (0x00000000e0129cd0) thrown at [D:\src\AOSP-openjdk-cygwin\jdk8u\hotspot\src\share\vm\prims\jni.cpp, line 1613]
Event: 5.999 Thread 0x0000000018ed5000 Exception <a 'java/lang/NoSuchMethodError': <clinit>> (0x00000000e013fea8) thrown at [D:\src\AOSP-openjdk-cygwin\jdk8u\hotspot\src\share\vm\prims\jni.cpp, line 1613]
Event: 6.022 Thread 0x0000000018ed5000 Exception <a 'java/lang/NoSuchMethodError': <clinit>> (0x00000000e019d718) thrown at [D:\src\AOSP-openjdk-cygwin\jdk8u\hotspot\src\share\vm\prims\jni.cpp, line 1613]
Event: 6.035 Thread 0x0000000018ed5000 Exception <a 'java/lang/NoSuchMethodError': <clinit>> (0x00000000e01c9ba0) thrown at [D:\src\AOSP-openjdk-cygwin\jdk8u\hotspot\src\share\vm\prims\jni.cpp, line 1613]
Event: 6.081 Thread 0x0000000018ed5000 Exception <a 'java/lang/NoSuchMethodError': <clinit>> (0x00000000e01f73b8) thrown at [D:\src\AOSP-openjdk-cygwin\jdk8u\hotspot\src\share\vm\prims\jni.cpp, line 1613]
Event: 6.084 Thread 0x0000000018ed5000 Exception <a 'java/lang/NoSuchMethodError': <clinit>> (0x00000000e0202880) thrown at [D:\src\AOSP-openjdk-cygwin\jdk8u\hotspot\src\share\vm\prims\jni.cpp, line 1613]

Events (10 events):
Event: 8.132 loading class org/gradle/api/GradleScriptException
Event: 8.132 loading class org/gradle/api/GradleScriptException done
Event: 8.132 loading class groovy/lang/GroovyResourceLoader
Event: 8.132 loading class groovy/lang/GroovyResourceLoader done
Event: 8.133 loading class groovy/lang/GroovyClassLoader
Event: 8.133 loading class groovy/lang/GroovyClassLoader done
Event: 8.135 loading class org/gradle/groovy/scripts/internal/DefaultScriptCompilationHandler$1
Event: 8.135 loading class org/gradle/groovy/scripts/internal/DefaultScriptCompilationHandler$1 done
Event: 8.136 loading class org/gradle/groovy/scripts/internal/DefaultScriptCompilationHandler$NoOpGroovyResourceLoader
Event: 8.136 loading class org/gradle/groovy/scripts/internal/DefaultScriptCompilationHandler$NoOpGroovyResourceLoader done


Dynamic libraries:
0x00007ff6ff0e0000 - 0x00007ff6ff111000 	C:\Program Files\Android\Android Studio\jre\bin\java.exe
0x00007ffda9fb0000 - 0x00007ffdaa191000 	C:\WINDOWS\SYSTEM32\ntdll.dll
0x00007ffda96d0000 - 0x00007ffda9781000 	C:\WINDOWS\System32\KERNEL32.DLL
0x00007ffda7050000 - 0x00007ffda72c3000 	C:\WINDOWS\System32\KERNELBASE.dll
0x00007ffda8fa0000 - 0x00007ffda9041000 	C:\WINDOWS\System32\ADVAPI32.dll
0x00007ffda8890000 - 0x00007ffda892e000 	C:\WINDOWS\System32\msvcrt.dll
0x00007ffda8930000 - 0x00007ffda898b000 	C:\WINDOWS\System32\sechost.dll
0x00007ffda9490000 - 0x00007ffda95b4000 	C:\WINDOWS\System32\RPCRT4.dll
0x00007ffda98f0000 - 0x00007ffda9a80000 	C:\WINDOWS\System32\USER32.dll
0x00007ffda7380000 - 0x00007ffda73a0000 	C:\WINDOWS\System32\win32u.dll
0x00007ffda95c0000 - 0x00007ffda95e8000 	C:\WINDOWS\System32\GDI32.dll
0x00007ffda6380000 - 0x00007ffda6511000 	C:\WINDOWS\System32\gdi32full.dll
0x00007ffda73a0000 - 0x00007ffda743f000 	C:\WINDOWS\System32\msvcp_win.dll
0x00007ffda6f00000 - 0x00007ffda6ff8000 	C:\WINDOWS\System32\ucrtbase.dll
0x00007ffd9bc00000 - 0x00007ffd9be69000 	C:\WINDOWS\WinSxS\amd64_microsoft.windows.common-controls_6595b64144ccf1df_6.0.17134.829_none_fb46a5473061b9d5\COMCTL32.dll
0x00007ffda9b80000 - 0x00007ffda9ea2000 	C:\WINDOWS\System32\combase.dll
0x00007ffda6520000 - 0x00007ffda659a000 	C:\WINDOWS\System32\bcryptPrimitives.dll
0x00007ffda8990000 - 0x00007ffda89bd000 	C:\WINDOWS\System32\IMM32.DLL
0x0000000050340000 - 0x0000000050412000 	C:\Program Files\Android\Android Studio\jre\jre\bin\msvcr100.dll
0x0000000077300000 - 0x0000000077b41000 	C:\Program Files\Android\Android Studio\jre\jre\bin\server\jvm.dll
0x00007ffda9650000 - 0x00007ffda9658000 	C:\WINDOWS\System32\PSAPI.DLL
0x00007ffd8d090000 - 0x00007ffd8d099000 	C:\WINDOWS\SYSTEM32\WSOCK32.dll
0x00007ffda3780000 - 0x00007ffda37a3000 	C:\WINDOWS\SYSTEM32\WINMM.dll
0x00007ffda9660000 - 0x00007ffda96cc000 	C:\WINDOWS\System32\WS2_32.dll
0x00007ffd9d220000 - 0x00007ffd9d22a000 	C:\WINDOWS\SYSTEM32\VERSION.dll
0x00007ffda3410000 - 0x00007ffda343a000 	C:\WINDOWS\SYSTEM32\WINMMBASE.dll
0x00007ffda7000000 - 0x00007ffda7049000 	C:\WINDOWS\System32\cfgmgr32.dll
0x00007ffda1610000 - 0x00007ffda161f000 	C:\Program Files\Android\Android Studio\jre\jre\bin\verify.dll
0x00007ffd95d70000 - 0x00007ffd95d99000 	C:\Program Files\Android\Android Studio\jre\jre\bin\java.dll
0x00007ffd9b710000 - 0x00007ffd9b726000 	C:\Program Files\Android\Android Studio\jre\jre\bin\zip.dll
0x00007ffda7450000 - 0x00007ffda8890000 	C:\WINDOWS\System32\SHELL32.dll
0x00007ffda8ef0000 - 0x00007ffda8f99000 	C:\WINDOWS\System32\shcore.dll
0x00007ffda6600000 - 0x00007ffda6d0d000 	C:\WINDOWS\System32\windows.storage.dll
0x00007ffda95f0000 - 0x00007ffda9641000 	C:\WINDOWS\System32\shlwapi.dll
0x00007ffda6360000 - 0x00007ffda6371000 	C:\WINDOWS\System32\kernel.appcore.dll
0x00007ffda6320000 - 0x00007ffda633f000 	C:\WINDOWS\System32\profapi.dll
0x00007ffda62d0000 - 0x00007ffda631c000 	C:\WINDOWS\System32\powrprof.dll
0x00007ffda62c0000 - 0x00007ffda62ca000 	C:\WINDOWS\System32\FLTLIB.DLL
0x00007ffd9a820000 - 0x00007ffd9a83a000 	C:\Program Files\Android\Android Studio\jre\jre\bin\net.dll
0x00007ffda57e0000 - 0x00007ffda5846000 	C:\WINDOWS\system32\mswsock.dll
0x00007ffd9a7e0000 - 0x00007ffd9a7f1000 	C:\Program Files\Android\Android Studio\jre\jre\bin\nio.dll
0x00007ffda0aa0000 - 0x00007ffda0abe000 	C:\Users\User\.gradle\native\25\windows-amd64\native-platform.dll
0x00007ffda19f0000 - 0x00007ffda19fd000 	C:\Program Files\Android\Android Studio\jre\jre\bin\management.dll
0x00007ffda5fe0000 - 0x00007ffda5ff7000 	C:\WINDOWS\SYSTEM32\CRYPTSP.dll
0x00007ffda53d0000 - 0x00007ffda5403000 	C:\WINDOWS\system32\rsaenh.dll
0x00007ffda5c50000 - 0x00007ffda5c75000 	C:\WINDOWS\SYSTEM32\bcrypt.dll
0x00007ffda61c0000 - 0x00007ffda61e8000 	C:\WINDOWS\SYSTEM32\USERENV.dll
0x00007ffda5990000 - 0x00007ffda599b000 	C:\WINDOWS\SYSTEM32\CRYPTBASE.dll
0x00007ffda5570000 - 0x00007ffda55a8000 	C:\WINDOWS\SYSTEM32\IPHLPAPI.DLL
0x00007ffda7440000 - 0x00007ffda7448000 	C:\WINDOWS\System32\NSI.dll
0x00007ffd9dac0000 - 0x00007ffd9dad6000 	C:\WINDOWS\SYSTEM32\dhcpcsvc6.DLL
0x00007ffd9edc0000 - 0x00007ffd9edda000 	C:\WINDOWS\SYSTEM32\dhcpcsvc.DLL

VM Arguments:
jvm_args: -Xmx1536m -Dfile.encoding=windows-1252 -Duser.country=IN -Duser.language=en -Duser.variant 
java_command: org.gradle.launcher.daemon.bootstrap.GradleDaemon 5.1.1
java_class_path (initial): C:\Users\User\.gradle\wrapper\dists\gradle-5.1.1-all\97z1ksx6lirer3kbvdnh7jtjg\gradle-5.1.1\lib\gradle-launcher-5.1.1.jar
Launcher Type: SUN_STANDARD

Environment Variables:
JAVA_HOME=C:\Program Files\Java\jdk1.8.0_60
PATH=C:\Program Files\Python37\Scripts\;C:\Program Files\Python37\;C:\Program Files (x86)\Common Files\Oracle\Java\javapath;C:\ProgramData\Oracle\Java\javapath;c:\Program Files (x86)\Intel\iCLS Client\;c:\Program Files\Intel\iCLS Client\;C:\WINDOWS\system32;C:\WINDOWS;C:\WINDOWS\System32\Wbem;C:\WINDOWS\System32\WindowsPowerShell\v1.0\;C:\Program Files\Intel\Intel(R) Management Engine Components\DAL;C:\Program Files\Intel\Intel(R) Management Engine Components\IPT;C:\Program Files (x86)\Intel\Intel(R) Management Engine Components\DAL;C:\Program Files (x86)\Intel\Intel(R) Management Engine Components\IPT;c:\Program Files (x86)\ATI Technologies\ATI.ACE\Core-Static;C:\Program Files (x86)\Windows Live\Shared;C:\WINDOWS\System32\OpenSSH\;C:\Android;C:\Windows\System32;C:\Program Files (x86)\SSH Communications Security\SSH Secure Shell;C:\Users\User\AppData\Local\Microsoft\WindowsApps;C:\Program Files (x86)\WinAnt\bin
USERNAME=User
OS=Windows_NT
PROCESSOR_IDENTIFIER=Intel64 Family 6 Model 69 Stepping 1, GenuineIntel



---------------  S Y S T E M  ---------------

OS: Windows 10.0 , 64 bit Build 17134 (10.0.17134.753)

CPU:total 4 (initial active 4) (2 cores per cpu, 2 threads per core) family 6 model 69 stepping 1, cmov, cx8, fxsr, mmx, sse, sse2, sse3, ssse3, sse4.1, sse4.2, popcnt, avx, avx2, aes, clmul, erms, lzcnt, ht, tsc, tscinvbit, bmi1, bmi2

Memory: 4k page, physical 6169560k(1266960k free), swap 10333144k(4308k free)

vm_info: OpenJDK 64-Bit Server VM (25.152-b01) for windows-amd64 JRE (1.8.0_152-release-1343-b01), built by "builder" with MS VC++ 10.0 (VS2010)

time: Tue Jul 09 19:42:29 2019
elapsed time: 8 seconds (0d 0h 0m 8s)

